<?xml version="1.0" encoding="UTF-8"?>
<testng-results ignored="0" total="2" passed="2" failed="0" skipped="0">
  <reporter-output>
  </reporter-output>
  <suite started-at="2025-08-13T17:08:54 CLT" name="Sample Test Suite" finished-at="2025-08-13T17:09:25 CLT" duration-ms="30239">
    <groups>
    </groups>
    <test started-at="2025-08-13T17:08:54 CLT" name="Test Automation" finished-at="2025-08-13T17:09:25 CLT" duration-ms="30239">
      <class name="test.java.carritocompras.CC_Test">
        <test-method is-config="true" signature="beforeTestMethod()[pri:0, instance:test.java.carritocompras.CC_Test@2145b572]" started-at="2025-08-13T17:08:54 CLT" name="beforeTestMethod" finished-at="2025-08-13T17:08:55 CLT" duration-ms="147" status="PASS">
          <reporter-output>
          </reporter-output>
        </test-method> <!-- beforeTestMethod -->
        <test-method is-config="true" signature="beforeMethodMethod(java.lang.String,java.lang.reflect.Method)[pri:0, instance:test.java.carritocompras.CC_Test@2145b572]" started-at="2025-08-13T17:08:55 CLT" name="beforeMethodMethod" finished-at="2025-08-13T17:08:58 CLT" duration-ms="3036" status="PASS">
          <params>
            <param index="0">
              <value>
                <![CDATA[chrome]]>
              </value>
            </param>
            <param index="1">
              <value>
                <![CDATA[public void test.java.carritocompras.CC_Test.CC_QA_Automatizacion(java.lang.String[]) throws java.lang.InterruptedException]]>
              </value>
            </param>
          </params>
          <reporter-output>
          </reporter-output>
        </test-method> <!-- beforeMethodMethod -->
        <test-method signature="CC_QA_Automatizacion([Ljava.lang.String;)[pri:0, instance:test.java.carritocompras.CC_Test@2145b572]" started-at="2025-08-13T17:08:58 CLT" name="CC_QA_Automatizacion" data-provider="Data" finished-at="2025-08-13T17:09:11 CLT" duration-ms="13452" status="PASS">
          <params>
            <param index="0">
              <value>
                <![CDATA[[Ljava.lang.String;@30506c0d]]>
              </value>
            </param>
          </params>
          <reporter-output>
          </reporter-output>
        </test-method> <!-- CC_QA_Automatizacion -->
        <test-method is-config="true" signature="beforeMethodMethod(java.lang.String,java.lang.reflect.Method)[pri:0, instance:test.java.carritocompras.CC_Test@2145b572]" started-at="2025-08-13T17:09:11 CLT" name="beforeMethodMethod" finished-at="2025-08-13T17:09:13 CLT" duration-ms="1806" status="PASS">
          <params>
            <param index="0">
              <value>
                <![CDATA[chrome]]>
              </value>
            </param>
            <param index="1">
              <value>
                <![CDATA[public void test.java.carritocompras.CC_Test.CC_QA_Automatizacion(java.lang.String[]) throws java.lang.InterruptedException]]>
              </value>
            </param>
          </params>
          <reporter-output>
          </reporter-output>
        </test-method> <!-- beforeMethodMethod -->
        <test-method is-config="true" signature="afterMethodMethod(org.testng.ITestResult)[pri:0, instance:test.java.carritocompras.CC_Test@2145b572]" started-at="2025-08-13T17:09:11 CLT" name="afterMethodMethod" finished-at="2025-08-13T17:09:11 CLT" duration-ms="0" status="PASS">
          <params>
            <param index="0">
              <value>
                <![CDATA[[TestResult name=CC_QA_Automatizacion status=SUCCESS method=CC_Test.CC_QA_Automatizacion([Ljava.lang.String;)[pri:0, instance:test.java.carritocompras.CC_Test@2145b572] output={null}]]]>
              </value>
            </param>
          </params>
          <reporter-output>
          </reporter-output>
        </test-method> <!-- afterMethodMethod -->
        <test-method signature="CC_QA_Automatizacion([Ljava.lang.String;)[pri:0, instance:test.java.carritocompras.CC_Test@2145b572]" started-at="2025-08-13T17:09:13 CLT" name="CC_QA_Automatizacion" data-provider="Data" finished-at="2025-08-13T17:09:24 CLT" duration-ms="11045" status="PASS">
          <params>
            <param index="0">
              <value>
                <![CDATA[[Ljava.lang.String;@56303475]]>
              </value>
            </param>
          </params>
          <reporter-output>
          </reporter-output>
        </test-method> <!-- CC_QA_Automatizacion -->
        <test-method is-config="true" signature="afterMethodMethod(org.testng.ITestResult)[pri:0, instance:test.java.carritocompras.CC_Test@2145b572]" started-at="2025-08-13T17:09:24 CLT" name="afterMethodMethod" finished-at="2025-08-13T17:09:24 CLT" duration-ms="3" status="PASS">
          <params>
            <param index="0">
              <value>
                <![CDATA[[TestResult name=CC_QA_Automatizacion status=SUCCESS method=CC_Test.CC_QA_Automatizacion([Ljava.lang.String;)[pri:0, instance:test.java.carritocompras.CC_Test@2145b572] output={null}]]]>
              </value>
            </param>
          </params>
          <reporter-output>
          </reporter-output>
        </test-method> <!-- afterMethodMethod -->
        <test-method is-config="true" signature="afterTestMethod()[pri:0, instance:test.java.carritocompras.CC_Test@2145b572]" started-at="2025-08-13T17:09:24 CLT" name="afterTestMethod" finished-at="2025-08-13T17:09:25 CLT" duration-ms="254" status="PASS">
          <reporter-output>
          </reporter-output>
        </test-method> <!-- afterTestMethod -->
      </class> <!-- test.java.carritocompras.CC_Test -->
    </test> <!-- Test Automation -->
  </suite> <!-- Sample Test Suite -->
</testng-results>
